<?xml version="1.0" encoding="UTF-8"?>
<!-- Generated by org.testng.reporters.JUnitXMLReporter -->
<testsuite ignored="0" hostname="DESKTOP-R4CIO73" failures="0" tests="3" name="Test2" time="43.124" errors="0" timestamp="2021-12-25T21:59:36 EET">
  <testcase classname="TestCases.Sign_Up_UTasks_Invalid_Account_Setup" name="navigate_to_Sign_Up_Invalid_Account_Edge" time="15.724"/>
  <testcase classname="TestCases.Sign_Up_UTasks_Invalid_Account_Setup" name="navigate_to_Sign_Up_Invalid_Account_chrome" time="10.195"/>
  <testcase classname="TestCases.Sign_Up_UTasks_Invalid_Account_Setup" name="navigate_to_Sign_Up_Invalid_Account_firefox" time="17.199"/>
</testsuite> <!-- Test2 -->
