<?xml version="1.0" encoding="UTF-8"?>
<!-- Generated by org.testng.reporters.JUnitXMLReporter -->
<testsuite ignored="0" hostname="DESKTOP-R4CIO73" failures="0" tests="3" name="Test" time="39.521" errors="0" timestamp="2021-12-25T21:58:53 EET">
  <testcase classname="TestCases.Sign_Up_UTasks_Invalid_Password_Setup" name="navigate_to_Sign_Up_Invalid_Password_Edge" time="14.616"/>
  <testcase classname="TestCases.Sign_Up_UTasks_Invalid_Password_Setup" name="navigate_to_Sign_Up_Invalid_Password_chrome" time="6.155"/>
  <testcase classname="TestCases.Sign_Up_UTasks_Invalid_Password_Setup" name="navigate_to_Sign_Up_Invalid_Password_firefox" time="18.689"/>
</testsuite> <!-- Test -->
